0 verbose cli /usr/local/bin/node /usr/local/bin/npm
1 info using npm@11.9.0
2 info using node@v24.14.0
3 silly config load:file:/usr/local/lib/node_modules/npm/npmrc
4 silly config load:file:/tmp/.create-expo-app/template-cache/.npmrc
5 silly config load:file:/home/user/.npmrc
6 silly config load:file:/usr/local/etc/npmrc
7 verbose title npm pack expo-template-default@latest
8 verbose argv "pack" "expo-template-default@latest" "--dry-run" "--json"
9 verbose logfile logs-max:10 dir:/home/user/.npm/_logs/2026-03-11T22_15_17_264Z-
10 verbose logfile /home/user/.npm/_logs/2026-03-11T22_15_17_264Z-debug-0.log
11 silly logfile done cleaning log files
12 http fetch GET 200 https://registry.npmjs.org/expo-template-default 137ms (cache miss)
13 http cache https://registry.npmjs.org/expo-template-default 7ms (cache hit)
14 http cache https://registry.npmjs.org/expo-template-default/-/expo-template-default-54.0.60.tgz 0ms (cache hit)
15 silly tarball no local data for https://registry.npmjs.org/expo-template-default/-/expo-template-default-54.0.60.tgz. Extracting by manifest.
16 http fetch GET 200 https://registry.npmjs.org/expo-template-default/-/expo-template-default-54.0.60.tgz 63ms (cache miss)
17 verbose cwd /tmp/.create-expo-app/template-cache
18 verbose os Linux 6.1.158
19 verbose node v24.14.0
20 verbose npm  v11.9.0
21 verbose exit 0
22 info ok
